ubuntu@10.0.3.238's password:
Welcome to Ubuntu 16.04.3 LTS (GNU/Linux 4.4.0-87-generic x86_64)

 * Documentation:  https://help.ubuntu.com
 * Management:     https://landscape.canonical.com
 * Support:        https://ubuntu.com/advantage
Last login: Mon Oct  2 12:28:18 2017 from 10.0.3.1
ubuntu@bsa-bashy:~$ apt-cache policy python python3
python:
  Installiert:           2.7.11-1
  Installationskandidat: 2.7.11-1
  Versionstabelle:
 *** 2.7.11-1 500
        500 http://archive.ubuntu.com/ubuntu xenial/main amd64 Packages
        100 /var/lib/dpkg/status
python3:
  Installiert:           3.5.1-3
  Installationskandidat: 3.5.1-3
  Versionstabelle:
 *** 3.5.1-3 500
        500 http://archive.ubuntu.com/ubuntu xenial/main amd64 Packages
        100 /var/lib/dpkg/status
ubuntu@bsa-bashy:~$ exit
Abgemeldet
Connection to 10.0.3.238 closed.
vagrant@virtualbox-ubuntu1604:~/bsa/hands-on-bsa/00-Start$
